Chapter1/canvasOperation/build/intermediates/manifest_merge_blame_file/debug/manifest-merger-blame-debug-report.txt
1<?xml version="1.0" encoding="utf-8"?>
2<manifest xmlns:android="http://schemas.android.com/apk/res/android"
3    package="com.harvic.myapp"
4    android:versionCode="1"
5    android:versionName="1.0" >
6
7    <uses-sdk
8        android:minSdkVersion="15"
8-->src\main\AndroidManifest.xml
9        android:targetSdkVersion="15" />
9-->src\main\AndroidManifest.xml
10
11    <application
11-->src\main\AndroidManifest.xml:7:5-22:19
12        android:debuggable="true"
13        android:icon="@drawable/ic_launcher"
13-->src\main\AndroidManifest.xml:9:13-49
14        android:label="@string/app_name"
14-->src\main\AndroidManifest.xml:8:13-45
15        android:testOnly="true" >
16        <activity
16-->src\main\AndroidManifest.xml:10:9-17:20
17            android:name="com.harvic.myapp.MyActivity"
17-->src\main\AndroidManifest.xml:11:17-42
18            android:label="@string/app_name" >
18-->src\main\AndroidManifest.xml:12:17-49
19            <intent-filter>
19-->src\main\AndroidManifest.xml:13:13-16:29
20                <action android:name="android.intent.action.MAIN" />
20-->src\main\AndroidManifest.xml:14:17-68
20-->src\main\AndroidManifest.xml:14:25-66
21
22                <category android:name="android.intent.category.LAUNCHER" />
22-->src\main\AndroidManifest.xml:15:17-76
22-->src\main\AndroidManifest.xml:15:27-74
23            </intent-filter>
24        </activity>
25        <activity android:name="com.harvic.myapp.CircleOperationActivity" />
25-->src\main\AndroidManifest.xml:18:9-60
25-->src\main\AndroidManifest.xml:18:19-58
26        <activity android:name="com.harvic.myapp.CustomCircleActivity" />
26-->src\main\AndroidManifest.xml:19:9-57
26-->src\main\AndroidManifest.xml:19:19-55
27        <activity android:name="com.harvic.myapp.ClipRgnActivity" />
27-->src\main\AndroidManifest.xml:20:9-52
27-->src\main\AndroidManifest.xml:20:19-50
28        <activity android:name="com.harvic.myapp.CustomViewActivity" />
28-->src\main\AndroidManifest.xml:21:9-55
28-->src\main\AndroidManifest.xml:21:19-53
29    </application>
30
31</manifest>